#
# A fatal error has been detected by the Java Runtime Environment:
#
#  SIGSEGV (0xb) at pc=0x00007f1f3b614462, pid=3080, tid=139772116915968
#
# JRE version: Java(TM) SE Runtime Environment (7.0_51-b13) (build 1.7.0_51-b13)
# Java VM: Java HotSpot(TM) 64-Bit Server VM (24.51-b03 mixed mode linux-amd64 compressed oops)
# Problematic frame:
# C  [librxtxSerial.so+0x6462]  read_byte_array+0x52
#
# Failed to write core dump. Core dumps have been disabled. To enable core dumping, try "ulimit -c unlimited" before starting Java again
#
# If you would like to submit a bug report, please visit:
#   http://bugreport.sun.com/bugreport/crash.jsp
# The crash happened outside the Java Virtual Machine in native code.
# See problematic frame for where to report the bug.
#

---------------  T H R E A D  ---------------

Current thread (0x00007f1f440cf800):  JavaThread "Thread-0" [_thread_in_native, id=3102, stack(0x00007f1f3b50d000,0x00007f1f3b60e000)]

siginfo:si_signo=SIGSEGV: si_errno=0, si_code=1 (SEGV_MAPERR), si_addr=0x000000003b60c7c8

Registers:
RAX=0x000000003b60c7c0, RBX=0xffffffffffffffff, RCX=0x0000000000000001, RDX=0x00007f1f4cb1ca50
RSP=0x00007f1f3b60bb80, RBP=0x00007f1f440cf9e8, RSI=0x00007f1f3b617e30, RDI=0x00007f1f3b617d3e
R8 =0x00007f1f3b60baf0, R9 =0x00000007d6ddd6d8, R10=0x0000000000000000, R11=0x00007f1f4cb21008
R12=0x00000000ffffffff, R13=0x0000000000000000, R14=0x0000000000000005, R15=0x0000000000000000
RIP=0x00007f1f3b614462, EFLAGS=0x0000000000010206, CSGSFS=0x0000000000000033, ERR=0x0000000000000004
  TRAPNO=0x000000000000000e

Top of Stack: (sp=0x00007f1f3b60bb80)
0x00007f1f3b60bb80:   00007f1edc001140 0000000000002000
0x00007f1f3b60bb90:   00007f1f3b60eed0 00007f1f440cdcf0
0x00007f1f3b60bba0:   0000000000000700 000000003b60c7c0
0x00007f1f3b60bbb0:   0000000000002000 0000000000000000
0x00007f1f3b60bbc0:   0000000000000000 0000000100000700
0x00007f1f3b60bbd0:   00007f1edc001140 00000005ffffffff
0x00007f1f3b60bbe0:   000000000010c830 0000000000000000
0x00007f1f3b60bbf0:   0000000000000005 0000000000000000
0x00007f1f3b60bc00:   00007f1f3b60e000 00007f1f4d551774
0x00007f1f3b60bc10:   0000000000000005 0000000000000000
0x00007f1f3b60bc20:   00007f1f3b60eed0 0000000000000000
0x00007f1f3b60bc30:   00007f1f3b60bc60 ffffffffffffffff
0x00007f1f3b60bc40:   00007f1f440cf9e8 00007f1edc001140
0x00007f1f3b60bc50:   0000000000000001 00007f1f4d558235
0x00007f1f3b60bc60:   00007f1edc001140 00007f1edc001140
0x00007f1f3b60bc70:   0000000000000005 ffffffffffffffff
0x00007f1f3b60bc80:   00007f1f440cf9e8 00007f1edc001140
0x00007f1f3b60bc90:   0000000000000001 0000000000000005
0x00007f1f3b60bca0:   0000000000000000 00007f1f3b6148a1
0x00007f1f3b60bcb0:   00007f1f440cf800 00007f1f3b60bd98
0x00007f1f3b60bcc0:   00007f1f3b60bda0 000000077f89df80
0x00007f1f3b60bcd0:   00007f1f3b60bd68 0000000000000000
0x00007f1f3b60bce0:   000000077f89df78 00007f1f3b60bda0
0x00007f1f3b60bcf0:   00007f1f440cf800 00007f1f41012cd8
0x00007f1f3b60bd00:   000000077f8afb7b 00007f1f000000b6
0x00007f1f3b60bd10:   00007f1f440d0088 00007f1f000000b6
0x00007f1f3b60bd20:   00007f1f440cf800 00007f1f3b60bd28
0x00007f1f3b60bd30:   000000077f89df78 00007f1f3b60bda0
0x00007f1f3b60bd40:   000000077f8b1478 0000000000000000
0x00007f1f3b60bd50:   000000077f89df80 0000000000000000
0x00007f1f3b60bd60:   00007f1f3b60bd88 00007f1f3b60bdf8
0x00007f1f3b60bd70:   00007f1f410061d4 0000000000000000 

Instructions: (pc=0x00007f1f3b614462)
0x00007f1f3b614442:   89 44 24 4c 48 c7 44 24 40 00 00 00 00 48 c7 44
0x00007f1f3b614452:   24 38 00 00 00 00 e8 53 d7 ff ff 48 89 44 24 28
0x00007f1f3b614462:   8b 40 08 45 85 e4 48 8b 54 24 28 44 8b 7c 24 4c
0x00007f1f3b614472:   89 44 24 34 c7 42 08 00 00 00 00 78 0c 31 c0 e8 

Register to memory mapping:

RAX=0x000000003b60c7c0 is an unknown value
RBX=0xffffffffffffffff is an unknown value
RCX=0x0000000000000001 is an unknown value
RDX=0x00007f1f4cb1ca50: <offset 0xe37a50> in /usr/lib/jvm/java-7-oracle/jre/lib/amd64/server/libjvm.so at 0x00007f1f4bce5000
RSP=0x00007f1f3b60bb80 is pointing into the stack for thread: 0x00007f1f440cf800
RBP=0x00007f1f440cf9e8 is an unknown value
RSI=0x00007f1f3b617e30: <offset 0x9e30> in /usr/lib/jvm/java-7-oracle/jre/lib/amd64/librxtxSerial.so at 0x00007f1f3b60e000
RDI=0x00007f1f3b617d3e: <offset 0x9d3e> in /usr/lib/jvm/java-7-oracle/jre/lib/amd64/librxtxSerial.so at 0x00007f1f3b60e000
R8 =0x00007f1f3b60baf0 is pointing into the stack for thread: 0x00007f1f440cf800
R9 =0x00000007d6ddd6d8 is an oop
gnu.io.RXTXPort 
 - klass: 'gnu/io/RXTXPort'
R10=0x0000000000000000 is an unknown value
R11=0x00007f1f4cb21008: <offset 0xe3c008> in /usr/lib/jvm/java-7-oracle/jre/lib/amd64/server/libjvm.so at 0x00007f1f4bce5000
R12=0x00000000ffffffff is an unknown value
R13=0x0000000000000000 is an unknown value
R14=0x0000000000000005 is an unknown value
R15=0x0000000000000000 is an unknown value


Stack: [0x00007f1f3b50d000,0x00007f1f3b60e000],  sp=0x00007f1f3b60bb80,  free space=1018k
Native frames: (J=compiled Java code, j=interpreted, Vv=VM code, C=native code)
C  [librxtxSerial.so+0x6462]  read_byte_array+0x52

Java frames: (J=compiled Java code, j=interpreted, Vv=VM code)
j  gnu.io.RXTXPort.readArray([BII)I+0
j  gnu.io.RXTXPort$SerialInputStream.read([BII)I+187
j  sun.nio.cs.StreamDecoder.readBytes()I+135
j  sun.nio.cs.StreamDecoder.implRead([CII)I+112
j  sun.nio.cs.StreamDecoder.read([CII)I+180
j  java.io.InputStreamReader.read([CII)I+7
j  java.io.BufferedReader.fill()V+145
j  java.io.BufferedReader.readLine(Z)Ljava/lang/String;+44
j  java.io.BufferedReader.readLine()Ljava/lang/String;+2
j  controller.SerialTest.serialEvent(Lgnu/io/SerialPortEvent;)V+12
j  gnu.io.RXTXPort.sendEvent(IZ)Z+382
v  ~StubRoutines::call_stub
j  gnu.io.RXTXPort.eventLoop()V+0
j  gnu.io.RXTXPort$MonitorThread.run()V+12
v  ~StubRoutines::call_stub

---------------  P R O C E S S  ---------------

Java Threads: ( => current thread )
  0x00007f1f44009800 JavaThread "DestroyJavaVM" [_thread_blocked, id=3085, stack(0x00007f1f4d644000,0x00007f1f4d745000)]
  0x00007f1f440d5000 JavaThread "Thread-1" [_thread_blocked, id=3103, stack(0x00007f1f3b40c000,0x00007f1f3b50d000)]
=>0x00007f1f440cf800 JavaThread "Thread-0" [_thread_in_native, id=3102, stack(0x00007f1f3b50d000,0x00007f1f3b60e000)]
  0x00007f1f4409f000 JavaThread "Service Thread" daemon [_thread_blocked, id=3100, stack(0x00007f1f3b81c000,0x00007f1f3b91d000)]
  0x00007f1f4409c800 JavaThread "C2 CompilerThread1" daemon [_thread_blocked, id=3099, stack(0x00007f1f400f1000,0x00007f1f401f2000)]
  0x00007f1f44099800 JavaThread "C2 CompilerThread0" daemon [_thread_blocked, id=3098, stack(0x00007f1f401f2000,0x00007f1f402f3000)]
  0x00007f1f4408f800 JavaThread "Signal Dispatcher" daemon [_thread_blocked, id=3097, stack(0x00007f1f402f3000,0x00007f1f403f4000)]
  0x00007f1f44078800 JavaThread "Finalizer" daemon [_thread_blocked, id=3096, stack(0x00007f1f403f4000,0x00007f1f404f5000)]
  0x00007f1f44074800 JavaThread "Reference Handler" daemon [_thread_blocked, id=3095, stack(0x00007f1f404f5000,0x00007f1f405f6000)]

Other Threads:
  0x00007f1f44072000 VMThread [stack: 0x00007f1f405f6000,0x00007f1f406f7000] [id=3094]
  0x00007f1f440b1800 WatcherThread [stack: 0x00007f1f3b71b000,0x00007f1f3b81c000] [id=3101]

VM state:not at safepoint (normal execution)

VM Mutex/Monitor currently owned by a thread: None

Heap
 PSYoungGen      total 37376K, used 2580K [0x00000007d6d00000, 0x00000007d9680000, 0x0000000800000000)
  eden space 32256K, 8% used [0x00000007d6d00000,0x00000007d6f852f0,0x00000007d8c80000)
  from space 5120K, 0% used [0x00000007d9180000,0x00000007d9180000,0x00000007d9680000)
  to   space 5120K, 0% used [0x00000007d8c80000,0x00000007d8c80000,0x00000007d9180000)
 ParOldGen       total 83968K, used 0K [0x0000000784800000, 0x0000000789a00000, 0x00000007d6d00000)
  object space 83968K, 0% used [0x0000000784800000,0x0000000784800000,0x0000000789a00000)
 PSPermGen       total 21504K, used 2804K [0x000000077f600000, 0x0000000780b00000, 0x0000000784800000)
  object space 21504K, 13% used [0x000000077f600000,0x000000077f8bd358,0x0000000780b00000)

Card table byte_map: [0x00007f1f4a54b000,0x00007f1f4a951000] byte_map_base: 0x00007f1f46950000

Polling page: 0x00007f1f4d762000

Code Cache  [0x00007f1f41000000, 0x00007f1f41270000, 0x00007f1f44000000)
 total_blobs=168 nmethods=0 adapters=137 free_code_cache=48772Kb largest_free_block=49942976

Compilation events (0 events):
No events

GC Heap History (0 events):
No events

Deoptimization events (0 events):
No events

Internal exceptions (7 events):
Event: 0.015 Thread 0x00007f1f44009800 Threw 0x00000007d6d102d8 at /HUDSON/workspace/7u-2-build-linux-amd64@2/jdk7u51/527/hotspot/src/share/vm/prims/jni.cpp:3991
Event: 0.034 Thread 0x00007f1f44009800 Threw 0x00000007d6d4c178 at /HUDSON/workspace/7u-2-build-linux-amd64@2/jdk7u51/527/hotspot/src/share/vm/prims/jvm.cpp:1244
Event: 0.080 Thread 0x00007f1f44009800 Threw 0x00000007d6d59a38 at /HUDSON/workspace/7u-2-build-linux-amd64@2/jdk7u51/527/hotspot/src/share/vm/prims/jvm.cpp:1244
Event: 0.136 Thread 0x00007f1f44009800 Threw 0x00000007d6d8b720 at /HUDSON/workspace/7u-2-build-linux-amd64@2/jdk7u51/527/hotspot/src/share/vm/prims/jni.cpp:717
Event: 0.142 Thread 0x00007f1f44009800 Threw 0x00000007d6d9de00 at /HUDSON/workspace/7u-2-build-linux-amd64@2/jdk7u51/527/hotspot/src/share/vm/prims/jni.cpp:717
Event: 0.145 Thread 0x00007f1f44009800 Threw 0x00000007d6daee88 at /HUDSON/workspace/7u-2-build-linux-amd64@2/jdk7u51/527/hotspot/src/share/vm/prims/jni.cpp:717
Event: 0.150 Thread 0x00007f1f44009800 Threw 0x00000007d6dc1098 at /HUDSON/workspace/7u-2-build-linux-amd64@2/jdk7u51/527/hotspot/src/share/vm/prims/jni.cpp:717

Events (10 events):
Event: 0.155 loading class 0x00007f1f440d7b30
Event: 0.155 loading class 0x00007f1f440d7b30 done
Event: 0.156 loading class 0x00007f1f495d6fc0
Event: 0.156 loading class 0x00007f1f495d6fc0 done
Event: 0.157 loading class 0x00007f1f440ffd00
Event: 0.157 loading class 0x00007f1f440ffd00 done
Event: 0.157 Thread 0x00007f1f440cf800 Thread added: 0x00007f1f440cf800
Event: 0.162 Thread 0x00007f1f440d5000 Thread added: 0x00007f1f440d5000
Event: 0.163 Thread 0x00007f1f44009800 Thread exited: 0x00007f1f44009800
Event: 0.163 Thread 0x00007f1f44009800 Thread added: 0x00007f1f44009800


Dynamic libraries:
00400000-00401000 r-xp 00000000 08:19 9048364                            /usr/lib/jvm/java-7-oracle/bin/java
00600000-00601000 rw-p 00000000 08:19 9048364                            /usr/lib/jvm/java-7-oracle/bin/java
021b2000-021d3000 rw-p 00000000 00:00 0                                  [heap]
77f600000-780b00000 rw-p 00000000 00:00 0 
780b00000-784800000 rw-p 00000000 00:00 0 
784800000-789a00000 rw-p 00000000 00:00 0 
789a00000-7d6d00000 rw-p 00000000 00:00 0 
7d6d00000-7d9680000 rw-p 00000000 00:00 0 
7d9680000-800000000 rw-p 00000000 00:00 0 
7f1ed0000000-7f1ed0021000 rw-p 00000000 00:00 0 
7f1ed0021000-7f1ed4000000 ---p 00000000 00:00 0 
7f1ed8000000-7f1ed8021000 rw-p 00000000 00:00 0 
7f1ed8021000-7f1edc000000 ---p 00000000 00:00 0 
7f1edc000000-7f1edc021000 rw-p 00000000 00:00 0 
7f1edc021000-7f1ee0000000 ---p 00000000 00:00 0 
7f1ee0000000-7f1ee0021000 rw-p 00000000 00:00 0 
7f1ee0021000-7f1ee4000000 ---p 00000000 00:00 0 
7f1ee4000000-7f1ee4021000 rw-p 00000000 00:00 0 
7f1ee4021000-7f1ee8000000 ---p 00000000 00:00 0 
7f1ee8000000-7f1ee8021000 rw-p 00000000 00:00 0 
7f1ee8021000-7f1eec000000 ---p 00000000 00:00 0 
7f1eec000000-7f1eec021000 rw-p 00000000 00:00 0 
7f1eec021000-7f1ef0000000 ---p 00000000 00:00 0 
7f1ef0000000-7f1ef0021000 rw-p 00000000 00:00 0 
7f1ef0021000-7f1ef4000000 ---p 00000000 00:00 0 
7f1ef4000000-7f1ef4021000 rw-p 00000000 00:00 0 
7f1ef4021000-7f1ef8000000 ---p 00000000 00:00 0 
7f1ef8000000-7f1ef8021000 rw-p 00000000 00:00 0 
7f1ef8021000-7f1efc000000 ---p 00000000 00:00 0 
7f1efffb0000-7f1f04000000 rw-p 00000000 00:00 0 
7f1f04000000-7f1f04021000 rw-p 00000000 00:00 0 
7f1f04021000-7f1f08000000 ---p 00000000 00:00 0 
7f1f0c000000-7f1f0c021000 rw-p 00000000 00:00 0 
7f1f0c021000-7f1f10000000 ---p 00000000 00:00 0 
7f1f14000000-7f1f14021000 rw-p 00000000 00:00 0 
7f1f14021000-7f1f18000000 ---p 00000000 00:00 0 
7f1f1c000000-7f1f1c021000 rw-p 00000000 00:00 0 
7f1f1c021000-7f1f20000000 ---p 00000000 00:00 0 
7f1f24000000-7f1f24021000 rw-p 00000000 00:00 0 
7f1f24021000-7f1f28000000 ---p 00000000 00:00 0 
7f1f2c000000-7f1f2c021000 rw-p 00000000 00:00 0 
7f1f2c021000-7f1f30000000 ---p 00000000 00:00 0 
7f1f34000000-7f1f34021000 rw-p 00000000 00:00 0 
7f1f34021000-7f1f38000000 ---p 00000000 00:00 0 
7f1f3b40c000-7f1f3b40f000 ---p 00000000 00:00 0 
7f1f3b40f000-7f1f3b50d000 rw-p 00000000 00:00 0                          [stack:3103]
7f1f3b50d000-7f1f3b510000 ---p 00000000 00:00 0 
7f1f3b510000-7f1f3b60e000 rw-p 00000000 00:00 0                          [stack:3102]
7f1f3b60e000-7f1f3b61a000 r-xp 00000000 08:19 9572918                    /usr/lib/jvm/java-7-oracle/jre/lib/amd64/librxtxSerial.so
7f1f3b61a000-7f1f3b719000 ---p 0000c000 08:19 9572918                    /usr/lib/jvm/java-7-oracle/jre/lib/amd64/librxtxSerial.so
7f1f3b719000-7f1f3b71b000 rw-p 0000b000 08:19 9572918                    /usr/lib/jvm/java-7-oracle/jre/lib/amd64/librxtxSerial.so
7f1f3b71b000-7f1f3b71c000 ---p 00000000 00:00 0 
7f1f3b71c000-7f1f3b81c000 rw-p 00000000 00:00 0                          [stack:3101]
7f1f3b81c000-7f1f3b81f000 ---p 00000000 00:00 0 
7f1f3b81f000-7f1f3b91d000 rw-p 00000000 00:00 0                          [stack:3100]
7f1f3b91d000-7f1f3c000000 r--p 00000000 08:19 8526116                    /usr/lib/locale/locale-archive
7f1f3c000000-7f1f3c021000 rw-p 00000000 00:00 0 
7f1f3c021000-7f1f40000000 ---p 00000000 00:00 0 
7f1f400f1000-7f1f400f4000 ---p 00000000 00:00 0 
7f1f400f4000-7f1f401f2000 rw-p 00000000 00:00 0                          [stack:3099]
7f1f401f2000-7f1f401f5000 ---p 00000000 00:00 0 
7f1f401f5000-7f1f402f3000 rw-p 00000000 00:00 0                          [stack:3098]
7f1f402f3000-7f1f402f6000 ---p 00000000 00:00 0 
7f1f402f6000-7f1f403f4000 rw-p 00000000 00:00 0                          [stack:3097]
7f1f403f4000-7f1f403f7000 ---p 00000000 00:00 0 
7f1f403f7000-7f1f404f5000 rw-p 00000000 00:00 0                          [stack:3096]
7f1f404f5000-7f1f404f8000 ---p 00000000 00:00 0 
7f1f404f8000-7f1f405f6000 rw-p 00000000 00:00 0                          [stack:3095]
7f1f405f6000-7f1f405f7000 ---p 00000000 00:00 0 
7f1f405f7000-7f1f41000000 rw-p 00000000 00:00 0                          [stack:3094]
7f1f41000000-7f1f41270000 rwxp 00000000 00:00 0 
7f1f41270000-7f1f44102000 rw-p 00000000 00:00 0 
7f1f44102000-7f1f48000000 ---p 00000000 00:00 0 
7f1f4801d000-7f1f493a3000 rw-p 00000000 00:00 0 
7f1f493a3000-7f1f49560000 r--s 039bf000 08:19 9048432                    /usr/lib/jvm/java-7-oracle/jre/lib/rt.jar
7f1f49560000-7f1f49a87000 rw-p 00000000 00:00 0 
7f1f49a87000-7f1f49a88000 ---p 00000000 00:00 0 
7f1f49a88000-7f1f49b88000 rw-p 00000000 00:00 0                          [stack:3093]
7f1f49b88000-7f1f49b89000 ---p 00000000 00:00 0 
7f1f49b89000-7f1f49c89000 rw-p 00000000 00:00 0                          [stack:3092]
7f1f49c89000-7f1f49c8a000 ---p 00000000 00:00 0 
7f1f49c8a000-7f1f49d8a000 rw-p 00000000 00:00 0                          [stack:3091]
7f1f49d8a000-7f1f49d8b000 ---p 00000000 00:00 0 
7f1f49d8b000-7f1f49e8b000 rw-p 00000000 00:00 0                          [stack:3090]
7f1f49e8b000-7f1f49e8c000 ---p 00000000 00:00 0 
7f1f49e8c000-7f1f49f8c000 rw-p 00000000 00:00 0                          [stack:3089]
7f1f49f8c000-7f1f49f8d000 ---p 00000000 00:00 0 
7f1f49f8d000-7f1f4a08d000 rw-p 00000000 00:00 0                          [stack:3088]
7f1f4a08d000-7f1f4a08e000 ---p 00000000 00:00 0 
7f1f4a08e000-7f1f4a18e000 rw-p 00000000 00:00 0                          [stack:3087]
7f1f4a18e000-7f1f4a18f000 ---p 00000000 00:00 0 
7f1f4a18f000-7f1f4a29a000 rw-p 00000000 00:00 0                          [stack:3086]
7f1f4a29a000-7f1f4a2b8000 rw-p 00000000 00:00 0 
7f1f4a2b8000-7f1f4a2e1000 rw-p 00000000 00:00 0 
7f1f4a2e1000-7f1f4a54b000 rw-p 00000000 00:00 0 
7f1f4a54b000-7f1f4a556000 rw-p 00000000 00:00 0 
7f1f4a556000-7f1f4a574000 rw-p 00000000 00:00 0 
7f1f4a574000-7f1f4a59d000 rw-p 00000000 00:00 0 
7f1f4a59d000-7f1f4a806000 rw-p 00000000 00:00 0 
7f1f4a806000-7f1f4a81c000 rw-p 00000000 00:00 0 
7f1f4a81c000-7f1f4a950000 rw-p 00000000 00:00 0 
7f1f4a950000-7f1f4a951000 rw-p 00000000 00:00 0 
7f1f4a951000-7f1f4a96b000 r-xp 00000000 08:19 9573335                    /usr/lib/jvm/java-7-oracle/jre/lib/amd64/libzip.so
7f1f4a96b000-7f1f4ab6b000 ---p 0001a000 08:19 9573335                    /usr/lib/jvm/java-7-oracle/jre/lib/amd64/libzip.so
7f1f4ab6b000-7f1f4ab6c000 rw-p 0001a000 08:19 9573335                    /usr/lib/jvm/java-7-oracle/jre/lib/amd64/libzip.so
7f1f4ab6c000-7f1f4ab78000 r-xp 00000000 08:19 9830515                    /lib/x86_64-linux-gnu/libnss_files-2.15.so
7f1f4ab78000-7f1f4ad77000 ---p 0000c000 08:19 9830515                    /lib/x86_64-linux-gnu/libnss_files-2.15.so
7f1f4ad77000-7f1f4ad78000 r--p 0000b000 08:19 9830515                    /lib/x86_64-linux-gnu/libnss_files-2.15.so
7f1f4ad78000-7f1f4ad79000 rw-p 0000c000 08:19 9830515                    /lib/x86_64-linux-gnu/libnss_files-2.15.so
7f1f4ad79000-7f1f4ad83000 r-xp 00000000 08:19 9830519                    /lib/x86_64-linux-gnu/libnss_nis-2.15.so
7f1f4ad83000-7f1f4af83000 ---p 0000a000 08:19 9830519                    /lib/x86_64-linux-gnu/libnss_nis-2.15.so
7f1f4af83000-7f1f4af84000 r--p 0000a000 08:19 9830519                    /lib/x86_64-linux-gnu/libnss_nis-2.15.so
7f1f4af84000-7f1f4af85000 rw-p 0000b000 08:19 9830519                    /lib/x86_64-linux-gnu/libnss_nis-2.15.so
7f1f4af85000-7f1f4af9c000 r-xp 00000000 08:19 9835673                    /lib/x86_64-linux-gnu/libnsl-2.15.so
7f1f4af9c000-7f1f4b19b000 ---p 00017000 08:19 9835673                    /lib/x86_64-linux-gnu/libnsl-2.15.so
7f1f4b19b000-7f1f4b19c000 r--p 00016000 08:19 9835673                    /lib/x86_64-linux-gnu/libnsl-2.15.so
7f1f4b19c000-7f1f4b19d000 rw-p 00017000 08:19 9835673                    /lib/x86_64-linux-gnu/libnsl-2.15.so
7f1f4b19d000-7f1f4b19f000 rw-p 00000000 00:00 0 
7f1f4b19f000-7f1f4b1a7000 r-xp 00000000 08:19 9830513                    /lib/x86_64-linux-gnu/libnss_compat-2.15.so
7f1f4b1a7000-7f1f4b3a6000 ---p 00008000 08:19 9830513                    /lib/x86_64-linux-gnu/libnss_compat-2.15.so
7f1f4b3a6000-7f1f4b3a7000 r--p 00007000 08:19 9830513                    /lib/x86_64-linux-gnu/libnss_compat-2.15.so
7f1f4b3a7000-7f1f4b3a8000 rw-p 00008000 08:19 9830513                    /lib/x86_64-linux-gnu/libnss_compat-2.15.so
7f1f4b3a8000-7f1f4b3d1000 r-xp 00000000 08:19 9573307                    /usr/lib/jvm/java-7-oracle/jre/lib/amd64/libjava.so
7f1f4b3d1000-7f1f4b5d1000 ---p 00029000 08:19 9573307                    /usr/lib/jvm/java-7-oracle/jre/lib/amd64/libjava.so
7f1f4b5d1000-7f1f4b5d3000 rw-p 00029000 08:19 9573307                    /usr/lib/jvm/java-7-oracle/jre/lib/amd64/libjava.so
7f1f4b5d3000-7f1f4b5e0000 r-xp 00000000 08:19 9573325                    /usr/lib/jvm/java-7-oracle/jre/lib/amd64/libverify.so
7f1f4b5e0000-7f1f4b7df000 ---p 0000d000 08:19 9573325                    /usr/lib/jvm/java-7-oracle/jre/lib/amd64/libverify.so
7f1f4b7df000-7f1f4b7e1000 rw-p 0000c000 08:19 9573325                    /usr/lib/jvm/java-7-oracle/jre/lib/amd64/libverify.so
7f1f4b7e1000-7f1f4b7e8000 r-xp 00000000 08:19 9830518                    /lib/x86_64-linux-gnu/librt-2.15.so
7f1f4b7e8000-7f1f4b9e7000 ---p 00007000 08:19 9830518                    /lib/x86_64-linux-gnu/librt-2.15.so
7f1f4b9e7000-7f1f4b9e8000 r--p 00006000 08:19 9830518                    /lib/x86_64-linux-gnu/librt-2.15.so
7f1f4b9e8000-7f1f4b9e9000 rw-p 00007000 08:19 9830518                    /lib/x86_64-linux-gnu/librt-2.15.so
7f1f4b9e9000-7f1f4bae4000 r-xp 00000000 08:19 9830522                    /lib/x86_64-linux-gnu/libm-2.15.so
7f1f4bae4000-7f1f4bce3000 ---p 000fb000 08:19 9830522                    /lib/x86_64-linux-gnu/libm-2.15.so
7f1f4bce3000-7f1f4bce4000 r--p 000fa000 08:19 9830522                    /lib/x86_64-linux-gnu/libm-2.15.so
7f1f4bce4000-7f1f4bce5000 rw-p 000fb000 08:19 9830522                    /lib/x86_64-linux-gnu/libm-2.15.so
7f1f4bce5000-7f1f4c847000 r-xp 00000000 08:19 9573310                    /usr/lib/jvm/java-7-oracle/jre/lib/amd64/server/libjvm.so
7f1f4c847000-7f1f4ca47000 ---p 00b62000 08:19 9573310                    /usr/lib/jvm/java-7-oracle/jre/lib/amd64/server/libjvm.so
7f1f4ca47000-7f1f4cb0a000 rw-p 00b62000 08:19 9573310                    /usr/lib/jvm/java-7-oracle/jre/lib/amd64/server/libjvm.so
7f1f4cb0a000-7f1f4cb4b000 rw-p 00000000 00:00 0 
7f1f4cb4b000-7f1f4cd00000 r-xp 00000000 08:19 9830411                    /lib/x86_64-linux-gnu/libc-2.15.so
7f1f4cd00000-7f1f4cf00000 ---p 001b5000 08:19 9830411                    /lib/x86_64-linux-gnu/libc-2.15.so
7f1f4cf00000-7f1f4cf04000 r--p 001b5000 08:19 9830411                    /lib/x86_64-linux-gnu/libc-2.15.so
7f1f4cf04000-7f1f4cf06000 rw-p 001b9000 08:19 9830411                    /lib/x86_64-linux-gnu/libc-2.15.so
7f1f4cf06000-7f1f4cf0b000 rw-p 00000000 00:00 0 
7f1f4cf0b000-7f1f4cf0d000 r-xp 00000000 08:19 9830526                    /lib/x86_64-linux-gnu/libdl-2.15.so
7f1f4cf0d000-7f1f4d10d000 ---p 00002000 08:19 9830526                    /lib/x86_64-linux-gnu/libdl-2.15.so
7f1f4d10d000-7f1f4d10e000 r--p 00002000 08:19 9830526                    /lib/x86_64-linux-gnu/libdl-2.15.so
7f1f4d10e000-7f1f4d10f000 rw-p 00003000 08:19 9830526                    /lib/x86_64-linux-gnu/libdl-2.15.so
7f1f4d10f000-7f1f4d125000 r-xp 00000000 08:19 8922269                    /usr/lib/jvm/java-7-oracle/lib/amd64/jli/libjli.so
7f1f4d125000-7f1f4d325000 ---p 00016000 08:19 8922269                    /usr/lib/jvm/java-7-oracle/lib/amd64/jli/libjli.so
7f1f4d325000-7f1f4d326000 rw-p 00016000 08:19 8922269                    /usr/lib/jvm/java-7-oracle/lib/amd64/jli/libjli.so
7f1f4d326000-7f1f4d33e000 r-xp 00000000 08:19 9830520                    /lib/x86_64-linux-gnu/libpthread-2.15.so
7f1f4d33e000-7f1f4d53d000 ---p 00018000 08:19 9830520                    /lib/x86_64-linux-gnu/libpthread-2.15.so
7f1f4d53d000-7f1f4d53e000 r--p 00017000 08:19 9830520                    /lib/x86_64-linux-gnu/libpthread-2.15.so
7f1f4d53e000-7f1f4d53f000 rw-p 00018000 08:19 9830520                    /lib/x86_64-linux-gnu/libpthread-2.15.so
7f1f4d53f000-7f1f4d543000 rw-p 00000000 00:00 0 
7f1f4d543000-7f1f4d565000 r-xp 00000000 08:19 9830523                    /lib/x86_64-linux-gnu/ld-2.15.so
7f1f4d584000-7f1f4d58e000 rw-p 00000000 00:00 0 
7f1f4d58e000-7f1f4d644000 rw-p 00000000 00:00 0 
7f1f4d644000-7f1f4d647000 ---p 00000000 00:00 0 
7f1f4d647000-7f1f4d749000 rw-p 00000000 00:00 0                          [stack:3085]
7f1f4d756000-7f1f4d757000 rw-p 00000000 00:00 0 
7f1f4d757000-7f1f4d759000 r--s 0000d000 08:19 9572916                    /usr/lib/jvm/java-7-oracle/jre/lib/ext/RXTXcomm.jar
7f1f4d759000-7f1f4d761000 rw-s 00000000 08:19 18886760                   /tmp/hsperfdata_nickholt/3080
7f1f4d761000-7f1f4d762000 rw-p 00000000 00:00 0 
7f1f4d762000-7f1f4d763000 r--p 00000000 00:00 0 
7f1f4d763000-7f1f4d765000 rw-p 00000000 00:00 0 
7f1f4d765000-7f1f4d766000 r--p 00022000 08:19 9830523                    /lib/x86_64-linux-gnu/ld-2.15.so
7f1f4d766000-7f1f4d768000 rw-p 00023000 08:19 9830523                    /lib/x86_64-linux-gnu/ld-2.15.so
7fffac8e6000-7fffac907000 rw-p 00000000 00:00 0                          [stack]
7fffac9fe000-7fffaca00000 r-xp 00000000 00:00 0                          [vdso]
ffffffffff600000-ffffffffff601000 r-xp 00000000 00:00 0                  [vsyscall]

VM Arguments:
jvm_args: -Dfile.encoding=UTF-8 
java_command: controller.SerialTest
Launcher Type: SUN_STANDARD

Environment Variables:
PATH=/usr/lib/lightdm/lightdm:/usr/local/sbin:/usr/local/bin:/usr/sbin:/usr/bin:/sbin:/bin:/usr/games
SHELL=/bin/bash
DISPLAY=:0

Signal Handlers:
SIGSEGV: [libjvm.so+0x993870], sa_mask[0]=0x7ffbfeff, sa_flags=0x10000004
SIGBUS: [libjvm.so+0x993870], sa_mask[0]=0x7ffbfeff, sa_flags=0x10000004
SIGFPE: [libjvm.so+0x8105b0], sa_mask[0]=0x7ffbfeff, sa_flags=0x10000004
SIGPIPE: [libjvm.so+0x8105b0], sa_mask[0]=0x7ffbfeff, sa_flags=0x10000004
SIGXFSZ: [libjvm.so+0x8105b0], sa_mask[0]=0x7ffbfeff, sa_flags=0x10000004
SIGILL: [libjvm.so+0x8105b0], sa_mask[0]=0x7ffbfeff, sa_flags=0x10000004
SIGUSR1: SIG_DFL, sa_mask[0]=0x00000000, sa_flags=0x00000000
SIGUSR2: [libjvm.so+0x811aa0], sa_mask[0]=0x00000004, sa_flags=0x10000004
SIGHUP: [libjvm.so+0x812a10], sa_mask[0]=0x7ffbfeff, sa_flags=0x10000004
SIGINT: SIG_IGN, sa_mask[0]=0x00000000, sa_flags=0x00000000
SIGTERM: [libjvm.so+0x812a10], sa_mask[0]=0x7ffbfeff, sa_flags=0x10000004
SIGQUIT: [libjvm.so+0x812a10], sa_mask[0]=0x7ffbfeff, sa_flags=0x10000004


---------------  S Y S T E M  ---------------

OS:wheezy/sid

uname:Linux 3.8.0-37-generic #53~precise1-Ubuntu SMP Wed Feb 19 21:37:54 UTC 2014 x86_64
libc:glibc 2.15 NPTL 2.15 
rlimit: STACK 8192k, CORE 0k, NPROC 62422, NOFILE 4096, AS infinity
load average:2.66 2.36 1.05

/proc/meminfo:
MemTotal:        8087836 kB
MemFree:         4698272 kB
Buffers:           97752 kB
Cached:          1029612 kB
SwapCached:            0 kB
Active:          2200652 kB
Inactive:         948284 kB
Active(anon):    2023984 kB
Inactive(anon):   215236 kB
Active(file):     176668 kB
Inactive(file):   733048 kB
Unevictable:          64 kB
Mlocked:              64 kB
SwapTotal:      13131772 kB
SwapFree:       13131772 kB
Dirty:                92 kB
Writeback:             0 kB
AnonPages:       2021716 kB
Mapped:           369004 kB
Shmem:            217640 kB
Slab:              98996 kB
SReclaimable:      62716 kB
SUnreclaim:        36280 kB
KernelStack:        5648 kB
PageTables:        44628 kB
NFS_Unstable:          0 kB
Bounce:                0 kB
WritebackTmp:          0 kB
CommitLimit:    17175688 kB
Committed_AS:    6138648 kB
VmallocTotal:   34359738367 kB
VmallocUsed:      824724 kB
VmallocChunk:   34358904832 kB
HardwareCorrupted:     0 kB
AnonHugePages:         0 kB
HugePages_Total:       0
HugePages_Free:        0
HugePages_Rsvd:        0
HugePages_Surp:        0
Hugepagesize:       2048 kB
DirectMap4k:       77824 kB
DirectMap2M:     1959936 kB
DirectMap1G:     6291456 kB


CPU:total 8 (4 cores per cpu, 2 threads per core) family 6 model 60 stepping 3, cmov, cx8, fxsr, mmx, sse, sse2, sse3, ssse3, sse4.1, sse4.2, popcnt, avx, avx2, aes, erms, ht, tsc, tscinvbit

/proc/cpuinfo:
processor	: 0
vendor_id	: GenuineIntel
cpu family	: 6
model		: 60
model name	: Intel(R) Core(TM) i7-4700MQ CPU @ 2.40GHz
stepping	: 3
microcode	: 0x12
cpu MHz		: 2401.000
cache size	: 6144 KB
physical id	: 0
siblings	: 8
core id		: 0
cpu cores	: 4
apicid		: 0
initial apicid	: 0
fpu		: yes
fpu_exception	: yes
cpuid level	: 13
wp		: yes
flags		: fpu vme de pse tsc msr pae mce cx8 apic sep mtrr pge mca cmov pat pse36 clflush dts acpi mmx fxsr sse sse2 ss ht tm pbe syscall nx pdpe1gb rdtscp lm constant_tsc arch_perfmon pebs bts rep_good nopl xtopology nonstop_tsc aperfmperf eagerfpu pni pclmulqdq dtes64 monitor ds_cpl vmx est tm2 ssse3 fma cx16 xtpr pdcm pcid sse4_1 sse4_2 movbe popcnt tsc_deadline_timer aes xsave avx f16c rdrand lahf_lm abm ida arat epb xsaveopt pln pts dtherm tpr_shadow vnmi flexpriority ept vpid fsgsbase tsc_adjust bmi1 avx2 smep bmi2 erms invpcid
bogomips	: 4789.22
clflush size	: 64
cache_alignment	: 64
address sizes	: 39 bits physical, 48 bits virtual
power management:

processor	: 1
vendor_id	: GenuineIntel
cpu family	: 6
model		: 60
model name	: Intel(R) Core(TM) i7-4700MQ CPU @ 2.40GHz
stepping	: 3
microcode	: 0x12
cpu MHz		: 800.000
cache size	: 6144 KB
physical id	: 0
siblings	: 8
core id		: 0
cpu cores	: 4
apicid		: 1
initial apicid	: 1
fpu		: yes
fpu_exception	: yes
cpuid level	: 13
wp		: yes
flags		: fpu vme de pse tsc msr pae mce cx8 apic sep mtrr pge mca cmov pat pse36 clflush dts acpi mmx fxsr sse sse2 ss ht tm pbe syscall nx pdpe1gb rdtscp lm constant_tsc arch_perfmon pebs bts rep_good nopl xtopology nonstop_tsc aperfmperf eagerfpu pni pclmulqdq dtes64 monitor ds_cpl vmx est tm2 ssse3 fma cx16 xtpr pdcm pcid sse4_1 sse4_2 movbe popcnt tsc_deadline_timer aes xsave avx f16c rdrand lahf_lm abm ida arat epb xsaveopt pln pts dtherm tpr_shadow vnmi flexpriority ept vpid fsgsbase tsc_adjust bmi1 avx2 smep bmi2 erms invpcid
bogomips	: 4789.22
clflush size	: 64
cache_alignment	: 64
address sizes	: 39 bits physical, 48 bits virtual
power management:

processor	: 2
vendor_id	: GenuineIntel
cpu family	: 6
model		: 60
model name	: Intel(R) Core(TM) i7-4700MQ CPU @ 2.40GHz
stepping	: 3
microcode	: 0x12
cpu MHz		: 2401.000
cache size	: 6144 KB
physical id	: 0
siblings	: 8
core id		: 1
cpu cores	: 4
apicid		: 2
initial apicid	: 2
fpu		: yes
fpu_exception	: yes
cpuid level	: 13
wp		: yes
flags		: fpu vme de pse tsc msr pae mce cx8 apic sep mtrr pge mca cmov pat pse36 clflush dts acpi mmx fxsr sse sse2 ss ht tm pbe syscall nx pdpe1gb rdtscp lm constant_tsc arch_perfmon pebs bts rep_good nopl xtopology nonstop_tsc aperfmperf eagerfpu pni pclmulqdq dtes64 monitor ds_cpl vmx est tm2 ssse3 fma cx16 xtpr pdcm pcid sse4_1 sse4_2 movbe popcnt tsc_deadline_timer aes xsave avx f16c rdrand lahf_lm abm ida arat epb xsaveopt pln pts dtherm tpr_shadow vnmi flexpriority ept vpid fsgsbase tsc_adjust bmi1 avx2 smep bmi2 erms invpcid
bogomips	: 4789.22
clflush size	: 64
cache_alignment	: 64
address sizes	: 39 bits physical, 48 bits virtual
power management:

processor	: 3
vendor_id	: GenuineIntel
cpu family	: 6
model		: 60
model name	: Intel(R) Core(TM) i7-4700MQ CPU @ 2.40GHz
stepping	: 3
microcode	: 0x12
cpu MHz		: 800.000
cache size	: 6144 KB
physical id	: 0
siblings	: 8
core id		: 1
cpu cores	: 4
apicid		: 3
initial apicid	: 3
fpu		: yes
fpu_exception	: yes
cpuid level	: 13
wp		: yes
flags		: fpu vme de pse tsc msr pae mce cx8 apic sep mtrr pge mca cmov pat pse36 clflush dts acpi mmx fxsr sse sse2 ss ht tm pbe syscall nx pdpe1gb rdtscp lm constant_tsc arch_perfmon pebs bts rep_good nopl xtopology nonstop_tsc aperfmperf eagerfpu pni pclmulqdq dtes64 monitor ds_cpl vmx est tm2 ssse3 fma cx16 xtpr pdcm pcid sse4_1 sse4_2 movbe popcnt tsc_deadline_timer aes xsave avx f16c rdrand lahf_lm abm ida arat epb xsaveopt pln pts dtherm tpr_shadow vnmi flexpriority ept vpid fsgsbase tsc_adjust bmi1 avx2 smep bmi2 erms invpcid
bogomips	: 4789.22
clflush size	: 64
cache_alignment	: 64
address sizes	: 39 bits physical, 48 bits virtual
power management:

processor	: 4
vendor_id	: GenuineIntel
cpu family	: 6
model		: 60
model name	: Intel(R) Core(TM) i7-4700MQ CPU @ 2.40GHz
stepping	: 3
microcode	: 0x12
cpu MHz		: 800.000
cache size	: 6144 KB
physical id	: 0
siblings	: 8
core id		: 2
cpu cores	: 4
apicid		: 4
initial apicid	: 4
fpu		: yes
fpu_exception	: yes
cpuid level	: 13
wp		: yes
flags		: fpu vme de pse tsc msr pae mce cx8 apic sep mtrr pge mca cmov pat pse36 clflush dts acpi mmx fxsr sse sse2 ss ht tm pbe syscall nx pdpe1gb rdtscp lm constant_tsc arch_perfmon pebs bts rep_good nopl xtopology nonstop_tsc aperfmperf eagerfpu pni pclmulqdq dtes64 monitor ds_cpl vmx est tm2 ssse3 fma cx16 xtpr pdcm pcid sse4_1 sse4_2 movbe popcnt tsc_deadline_timer aes xsave avx f16c rdrand lahf_lm abm ida arat epb xsaveopt pln pts dtherm tpr_shadow vnmi flexpriority ept vpid fsgsbase tsc_adjust bmi1 avx2 smep bmi2 erms invpcid
bogomips	: 4789.22
clflush size	: 64
cache_alignment	: 64
address sizes	: 39 bits physical, 48 bits virtual
power management:

processor	: 5
vendor_id	: GenuineIntel
cpu family	: 6
model		: 60
model name	: Intel(R) Core(TM) i7-4700MQ CPU @ 2.40GHz
stepping	: 3
microcode	: 0x12
cpu MHz		: 800.000
cache size	: 6144 KB
physical id	: 0
siblings	: 8
core id		: 2
cpu cores	: 4
apicid		: 5
initial apicid	: 5
fpu		: yes
fpu_exception	: yes
cpuid level	: 13
wp		: yes
flags		: fpu vme de pse tsc msr pae mce cx8 apic sep mtrr pge mca cmov pat pse36 clflush dts acpi mmx fxsr sse sse2 ss ht tm pbe syscall nx pdpe1gb rdtscp lm constant_tsc arch_perfmon pebs bts rep_good nopl xtopology nonstop_tsc aperfmperf eagerfpu pni pclmulqdq dtes64 monitor ds_cpl vmx est tm2 ssse3 fma cx16 xtpr pdcm pcid sse4_1 sse4_2 movbe popcnt tsc_deadline_timer aes xsave avx f16c rdrand lahf_lm abm ida arat epb xsaveopt pln pts dtherm tpr_shadow vnmi flexpriority ept vpid fsgsbase tsc_adjust bmi1 avx2 smep bmi2 erms invpcid
bogomips	: 4789.22
clflush size	: 64
cache_alignment	: 64
address sizes	: 39 bits physical, 48 bits virtual
power management:

processor	: 6
vendor_id	: GenuineIntel
cpu family	: 6
model		: 60
model name	: Intel(R) Core(TM) i7-4700MQ CPU @ 2.40GHz
stepping	: 3
microcode	: 0x12
cpu MHz		: 800.000
cache size	: 6144 KB
physical id	: 0
siblings	: 8
core id		: 3
cpu cores	: 4
apicid		: 6
initial apicid	: 6
fpu		: yes
fpu_exception	: yes
cpuid level	: 13
wp		: yes
flags		: fpu vme de pse tsc msr pae mce cx8 apic sep mtrr pge mca cmov pat pse36 clflush dts acpi mmx fxsr sse sse2 ss ht tm pbe syscall nx pdpe1gb rdtscp lm constant_tsc arch_perfmon pebs bts rep_good nopl xtopology nonstop_tsc aperfmperf eagerfpu pni pclmulqdq dtes64 monitor ds_cpl vmx est tm2 ssse3 fma cx16 xtpr pdcm pcid sse4_1 sse4_2 movbe popcnt tsc_deadline_timer aes xsave avx f16c rdrand lahf_lm abm ida arat epb xsaveopt pln pts dtherm tpr_shadow vnmi flexpriority ept vpid fsgsbase tsc_adjust bmi1 avx2 smep bmi2 erms invpcid
bogomips	: 4789.22
clflush size	: 64
cache_alignment	: 64
address sizes	: 39 bits physical, 48 bits virtual
power management:

processor	: 7
vendor_id	: GenuineIntel
cpu family	: 6
model		: 60
model name	: Intel(R) Core(TM) i7-4700MQ CPU @ 2.40GHz
stepping	: 3
microcode	: 0x12
cpu MHz		: 800.000
cache size	: 6144 KB
physical id	: 0
siblings	: 8
core id		: 3
cpu cores	: 4
apicid		: 7
initial apicid	: 7
fpu		: yes
fpu_exception	: yes
cpuid level	: 13
wp		: yes
flags		: fpu vme de pse tsc msr pae mce cx8 apic sep mtrr pge mca cmov pat pse36 clflush dts acpi mmx fxsr sse sse2 ss ht tm pbe syscall nx pdpe1gb rdtscp lm constant_tsc arch_perfmon pebs bts rep_good nopl xtopology nonstop_tsc aperfmperf eagerfpu pni pclmulqdq dtes64 monitor ds_cpl vmx est tm2 ssse3 fma cx16 xtpr pdcm pcid sse4_1 sse4_2 movbe popcnt tsc_deadline_timer aes xsave avx f16c rdrand lahf_lm abm ida arat epb xsaveopt pln pts dtherm tpr_shadow vnmi flexpriority ept vpid fsgsbase tsc_adjust bmi1 avx2 smep bmi2 erms invpcid
bogomips	: 4789.22
clflush size	: 64
cache_alignment	: 64
address sizes	: 39 bits physical, 48 bits virtual
power management:



Memory: 4k page, physical 8087836k(4698272k free), swap 13131772k(13131772k free)

vm_info: Java HotSpot(TM) 64-Bit Server VM (24.51-b03) for linux-amd64 JRE (1.7.0_51-b13), built on Dec 18 2013 18:48:01 by "java_re" with gcc 4.3.0 20080428 (Red Hat 4.3.0-8)

time: Sat Mar 15 20:15:18 2014
elapsed time: 1 seconds

